Line 396: Class MSAdodcLib.Adodc of control Adodc1 was not a loaded control class.
Line 402: The property name _ExtentX in Adodc1 is invalid.
Line 403: The property name _ExtentY in Adodc1 is invalid.
Line 404: The property name ConnectMode in Adodc1 is invalid.
Line 405: The property name CursorLocation in Adodc1 is invalid.
Line 406: The property name IsolationLevel in Adodc1 is invalid.
Line 407: The property name ConnectionTimeout in Adodc1 is invalid.
Line 408: The property name CommandTimeout in Adodc1 is invalid.
Line 409: The property name CursorType in Adodc1 is invalid.
Line 410: The property name LockType in Adodc1 is invalid.
Line 411: The property name CommandType in Adodc1 is invalid.
Line 412: The property name CursorOptions in Adodc1 is invalid.
Line 413: The property name CacheSize in Adodc1 is invalid.
Line 414: The property name MaxRecords in Adodc1 is invalid.
Line 415: The property name BOFAction in Adodc1 is invalid.
Line 416: The property name EOFAction in Adodc1 is invalid.
Line 417: The property name ConnectStringType in Adodc1 is invalid.
Line 421: The property name Orientation in Adodc1 is invalid.
Line 423: The property name Connect in Adodc1 is invalid.
Line 424: The property name OLEDBString in Adodc1 is invalid.
Line 425: The property name OLEDBFile in Adodc1 is invalid.
Line 426: The property name DataSourceName in Adodc1 is invalid.
Line 427: The property name OtherAttributes in Adodc1 is invalid.
Line 428: The property name UserName in Adodc1 is invalid.
Line 429: The property name Password in Adodc1 is invalid.
Line 430: The property name RecordSource in Adodc1 is invalid.
Line 431: The property name Caption in Adodc1 is invalid.
Line 441: The property name _Version in Adodc1 is invalid.
